20-Nov-2024 19:21:19.008 INFO [main] org.apache.catalina.startup.VersionLoggerListener.log Server version name:   Apache Tomcat/9.0.97
20-Nov-2024 19:21:19.036 INFO [main] org.apache.catalina.startup.VersionLoggerListener.log Server built:          Nov 6 2024 19:55:19 UTC
20-Nov-2024 19:21:19.036 INFO [main] org.apache.catalina.startup.VersionLoggerListener.log Server version number: 9.0.97.0
20-Nov-2024 19:21:19.036 INFO [main] org.apache.catalina.startup.VersionLoggerListener.log OS Name:               Windows 11
20-Nov-2024 19:21:19.036 INFO [main] org.apache.catalina.startup.VersionLoggerListener.log OS Version:            10.0
20-Nov-2024 19:21:19.036 INFO [main] org.apache.catalina.startup.VersionLoggerListener.log Architecture:          amd64
20-Nov-2024 19:21:19.036 INFO [main] org.apache.catalina.startup.VersionLoggerListener.log Java Home:             C:\Program Files\Java\jre1.8.0_351
20-Nov-2024 19:21:19.036 INFO [main] org.apache.catalina.startup.VersionLoggerListener.log JVM Version:           1.8.0_351-b10
20-Nov-2024 19:21:19.036 INFO [main] org.apache.catalina.startup.VersionLoggerListener.log JVM Vendor:            Oracle Corporation
20-Nov-2024 19:21:19.036 INFO [main] org.apache.catalina.startup.VersionLoggerListener.log CATALINA_BASE:         D:\Codegym
20-Nov-2024 19:21:19.036 INFO [main] org.apache.catalina.startup.VersionLoggerListener.log CATALINA_HOME:         D:\Codegym
20-Nov-2024 19:21:19.043 INFO [main] org.apache.catalina.startup.VersionLoggerListener.log Command line argument: -Dcatalina.home=D:\Codegym
20-Nov-2024 19:21:19.043 INFO [main] org.apache.catalina.startup.VersionLoggerListener.log Command line argument: -Dcatalina.base=D:\Codegym
20-Nov-2024 19:21:19.043 INFO [main] org.apache.catalina.startup.VersionLoggerListener.log Command line argument: -Djava.io.tmpdir=D:\Codegym\temp
20-Nov-2024 19:21:19.043 INFO [main] org.apache.catalina.startup.VersionLoggerListener.log Command line argument: -Djava.util.logging.manager=org.apache.juli.ClassLoaderLogManager
20-Nov-2024 19:21:19.043 INFO [main] org.apache.catalina.startup.VersionLoggerListener.log Command line argument: -Djava.util.logging.config.file=D:\Codegym\conf\logging.properties
20-Nov-2024 19:21:19.043 INFO [main] org.apache.catalina.startup.VersionLoggerListener.log Command line argument: exit
20-Nov-2024 19:21:19.043 INFO [main] org.apache.catalina.startup.VersionLoggerListener.log Command line argument: abort
20-Nov-2024 19:21:19.043 INFO [main] org.apache.catalina.startup.VersionLoggerListener.log Command line argument: -Xms128m
20-Nov-2024 19:21:19.043 INFO [main] org.apache.catalina.startup.VersionLoggerListener.log Command line argument: -Xmx256m
20-Nov-2024 19:21:19.043 INFO [main] org.apache.catalina.core.AprLifecycleListener.lifecycleEvent The Apache Tomcat Native library which allows using OpenSSL was not found on the java.library.path: [D:\Codegym\bin;C:\Windows\Sun\Java\bin;C:\Windows\system32;C:\Windows;C:\Program Files\Java\jre1.8.0_351\bin;C:\Program Files\Microsoft MPI\Bin\;C:\Program Files\Common Files\Oracle\Java\javapath;C:\Program Files (x86)\Common Files\Oracle\Java\javapath;C:\Windows\system32;C:\Windows;C:\Windows\System32\Wbem;C:\Windows\System32\WindowsPowerShell\v1.0\;C:\Windows\System32\OpenSSH\;C:\Program Files\dotnet\;C:\Program Files (x86)\Microsoft SQL Server\160\Tools\Binn\;C:\Program Files\Microsoft SQL Server\160\Tools\Binn\;C:\Program Files\Microsoft SQL Server\Client SDK\ODBC\170\Tools\Binn\;C:\Program Files\Microsoft SQL Server\160\DTS\Binn\;C:\Program Files (x86)\Microsoft SQL Server\160\DTS\Binn\;C:\Program Files\Azure Data Studio\bin;D:\Git\cmd;C:\Program Files\Cloudflare\Cloudflare WARP\;C:\Program Files\Microsoft SQL Server\150\Tools\Binn\;C:\Windows\ServiceProfiles\LocalService\AppData\Local\Microsoft\WindowsApps;.]
20-Nov-2024 19:21:20.600 INFO [main] org.apache.coyote.AbstractProtocol.init Initializing ProtocolHandler ["http-nio-8080"]
20-Nov-2024 19:21:20.601 INFO [main] org.apache.catalina.startup.Catalina.load Server initialization in [1794] milliseconds
20-Nov-2024 19:21:20.635 INFO [main] org.apache.catalina.core.StandardService.startInternal Starting service [Catalina]
20-Nov-2024 19:21:20.635 INFO [main] org.apache.catalina.core.StandardEngine.startInternal Starting Servlet engine: [Apache Tomcat/9.0.97]
20-Nov-2024 19:21:20.651 INFO [main] org.apache.catalina.startup.HostConfig.deployDirectory Deploying web application directory [D:\Codegym\webapps\docs]
20-Nov-2024 19:21:20.900 INFO [main] org.apache.catalina.startup.HostConfig.deployDirectory Deployment of web application directory [D:\Codegym\webapps\docs] has finished in [249] ms
20-Nov-2024 19:21:20.900 INFO [main] org.apache.catalina.startup.HostConfig.deployDirectory Deploying web application directory [D:\Codegym\webapps\manager]
20-Nov-2024 19:21:20.936 INFO [main] org.apache.catalina.startup.HostConfig.deployDirectory Deployment of web application directory [D:\Codegym\webapps\manager] has finished in [36] ms
20-Nov-2024 19:21:20.936 INFO [main] org.apache.catalina.startup.HostConfig.deployDirectory Deploying web application directory [D:\Codegym\webapps\ROOT]
20-Nov-2024 19:21:20.945 INFO [main] org.apache.catalina.startup.HostConfig.deployDirectory Deployment of web application directory [D:\Codegym\webapps\ROOT] has finished in [9] ms
20-Nov-2024 19:21:20.945 INFO [main] org.apache.coyote.AbstractProtocol.start Starting ProtocolHandler ["http-nio-8080"]
20-Nov-2024 19:21:20.945 INFO [main] org.apache.catalina.startup.Catalina.start Server startup in [343] milliseconds
20-Nov-2024 19:22:00.991 INFO [Catalina-utility-1] org.apache.catalina.users.MemoryUserDatabase.backgroundProcess Reloading memory user database [UserDatabase] from updated source [file:/D:/Codegym/conf/tomcat-users.xml]
20-Nov-2024 19:22:00.991 SEVERE [Catalina-utility-1] org.apache.catalina.users.MemoryUserDatabase.open The specified user database [conf/tomcat-users.xml] could not be found
20-Nov-2024 19:22:01.498 INFO [Catalina-utility-1] org.apache.catalina.startup.HostConfig.undeploy Undeploying context []
20-Nov-2024 19:22:02.032 INFO [Catalina-utility-1] org.apache.catalina.startup.HostConfig.undeploy Undeploying context [/manager]
20-Nov-2024 19:22:02.544 INFO [Catalina-utility-1] org.apache.catalina.startup.HostConfig.undeploy Undeploying context [/docs]
